8.469110 0
17.710620 0
23.350206 0
31.942153 0
58.409868 0
32.216503 0
22.313422 0
14.946512 0
7.022682 0
2.751640 0
0.722647 0
3.888477 0
5.670478 0
5.684551 0
6.427670 0
10.744825 0
30.186515 0
22.133836 0
9.876426 0
5.788161 1
3.184600 0
2.465777 1
4.241807 0
7.469630 0
12.181816 0
20.120556 0
27.297620 0
28.407737 0
27.249882 0
15.375302 0
9.960139 0
10.206993 1
14.546728 0
24.218781 0
34.415868 0
23.866967 0
24.081115 1
50.335996 0
73.488859 0
55.434209 0
29.898341 0
13.086205 0
9.037360 0
5.277704 0
1.635098 0
2.132490 0
6.988281 0
22.826178 0
36.283296 0
49.284702 0
51.611887 0
23.173982 0
17.633751 0
18.550984 0
17.790642 0
14.935483 0
13.623850 0
14.573880 0
18.164939 0
23.457377 0
25.611736 0
27.215745 0
29.584577 0
28.600740 0
13.949851 0
7.069339 0
2.700204 0
2.594600 1
6.492383 0
11.733073 0
18.577896 0
25.492029 0
15.681579 1
4.660089 0
3.149088 0
2.804302 0
3.037508 0
3.173767 0
2.855464 0
2.584860 0
4.004827 0
6.790075 0
17.930766 0
35.991710 0
24.478151 0
18.614319 0
13.588344 0
7.440095 0
3.076963 0
2.692694 0
4.904929 0
7.090452 0
8.958287 0
9.321153 0
8.515607 0
7.742654 0
19.502837 0
15.039564 1
10.461028 0
10.225590 0
7.981621 0
6.461147 1
6.967397 0
10.573995 0
20.543716 0
27.530663 0
26.028138 0
24.627459 0
22.837737 0
17.692752 0
12.261577 0
11.043688 0
12.113404 1
17.221264 0
35.861971 0
27.020170 0
25.269608 0
61.606722 0
88.650327 0
58.380502 0
42.429892 0
15.659187 0
10.307405 0
6.643012 0
10.277477 1
16.786880 1
26.629690 0
30.741283 0
32.571182 0
44.682563 0
30.948308 0
31.310503 0
20.415946 0
18.769152 0
21.929848 0
18.291671 0
14.412890 0
11.273191 0
10.381623 0
14.418163 0
27.663492 0
34.702989 0
17.428189 0
11.444437 0
8.066642 0
5.092949 0
4.342970 1
4.353992 1
4.350728 0
6.309564 0
13.960592 0
23.192120 0
40.220022 0
9.101903 0
4.935062 0
1.606721 0
4.866966 1
2.730378 0
2.411141 0
3.352402 0
6.336315 0
8.602427 0
13.319588 0
14.519321 0
14.077950 0
14.664400 0
13.514426 0
11.407945 0
7.415933 0
2.095721 0
1.911126 0
5.807456 0
10.129193 0
11.958782 0
11.518215 0
15.348783 0
27.998507 0
22.759885 0
17.248228 0
13.945483 0
12.182304 0
11.492595 0
11.743554 0
13.092448 0
16.170580 0
21.540614 0
44.973426 0
45.640556 0
33.565653 0
34.620749 0
8.547261 0
6.495923 1
10.205743 0
43.575600 0
29.221985 0
24.283074 0
25.725180 0
61.510058 0
79.311656 0
42.880748 0
19.411397 0
16.639992 0
14.970039 0
13.330318 0
11.410510 0
16.417489 0
16.594432 0
15.465469 0
18.775662 0
22.222951 1
24.925154 0
19.724195 0
11.217539 0
7.769794 0
7.480647 0
7.841084 0
7.544925 0
7.981137 0
11.023367 0
20.088261 0
32.304461 0
25.107098 0
15.811708 0
13.282324 0
10.062971 0
5.692194 0
1.867792 0
1.892508 0
6.841052 0
13.458935 0
22.065006 0
37.112999 0
17.522556 0
10.512213 0
6.379560 1
4.583048 1
3.973566 0
2.964704 0
2.270766 0
2.159254 0
4.127163 0
5.801018 0
8.031786 0
10.994130 0
12.885596 0
13.274355 1
12.812433 0
8.808985 0
6.562444 1
5.542861 1
4.606440 0
9.189750 0
14.982148 0
19.745205 0
18.980688 0
17.778089 0
19.529718 0
15.179886 0
14.597298 0
14.092049 0
13.907262 0
14.537816 0
17.387827 0
34.225201 0
32.409143 0
37.800209 0
74.530059 0
66.633187 0
35.063171 0
27.922658 0
6.461120 0
4.399622 0
5.348670 0
12.699582 0
29.644050 0
28.511531 0
29.906760 0
51.895556 0
54.977111 0
37.817858 0
27.389358 0
22.567864 0
19.394093 0
13.584697 0
12.637481 0
14.234498 0
18.072231 0
19.946969 0
21.486593 0
23.355182 0
26.330813 1
28.283386 0
16.106257 0
10.804513 0
8.493699 0
7.666391 0
8.229434 0
8.960581 0
7.236623 0
5.116987 0
9.965196 1
2.588746 0
2.851954 1
3.425903 1
2.448062 0
1.234920 0
1.704496 0
3.858845 0
6.494090 0
9.924930 0
15.027776 0
24.874370 0
32.265656 0
15.763070 0
9.288457 0
4.847225 1
2.350292 0
3.521384 0
5.209175 0
6.921137 0
7.988832 0
9.029418 0
9.668911 0
10.366894 0
9.802355 0
9.281279 0
9.166501 0
8.111993 0
7.288386 0
7.027969 1
6.317865 1
4.651582 0
10.320262 0
17.602789 0
19.681895 0
26.612361 0
36.845416 0
27.252346 0
24.367331 0
25.022662 0
30.046324 0
49.814004 0
30.808518 0
27.304673 0
27.670827 0
50.450864 0
89.227758 0
53.171839 0
31.575301 0
36.118793 0
10.327598 0
4.122862 0
3.485485 0
11.951490 1
29.721593 0
25.198110 0
23.535026 0
37.333447 0
27.503717 0
18.215753 0
18.184567 0
19.771329 0
21.140639 0
19.866745 0
18.749803 0
17.807528 0
14.896511 0
12.416501 0
12.851792 0
15.806665 0
20.605293 0
19.781130 0
10.144124 0
4.860429 0
3.116857 0
3.260374 0
3.935261 0
3.970442 1
3.705910 1
3.449739 1
3.051129 1
2.717503 0
2.514433 0
2.677503 0
2.973557 1
2.922729 0
2.039087 0
1.686360 0
4.057506 0
8.939791 0
17.501049 0
47.855898 0
24.303756 0
16.903295 1
11.782925 1
9.432227 0
8.228874 0
7.324525 0
6.801422 0
6.368268 0
6.478307 0
6.925589 0
7.731894 0
9.382537 0
11.459215 0
14.347839 0
17.494324 0
19.949484 0
16.231809 0
9.845340 0
7.292741 0
10.197777 0
16.698705 0
35.398162 0
46.640779 0
57.162054 0
31.062628 0
27.027802 0
25.098517 0
25.428865 0
30.019012 0
38.988384 0
25.592563 0
24.810887 0
27.028494 0
47.969270 0
81.285963 0
63.619507 0
33.611442 0
21.034193 0
8.322942 0
3.738035 0
1.936936 1
11.388491 1
14.798192 0
17.768789 0
29.189096 0
40.629045 0
22.824497 0
22.291933 0
18.276602 0
13.650691 0
11.089671 0
9.514153 0
7.928263 0
6.737659 0
7.062396 0
8.921178 0
11.708167 1
15.213358 0
20.164585 0
17.615186 0
11.613650 0
6.999876 0
3.203368 0
2.665072 1
4.194700 0
6.888618 1
8.168874 0
8.163148 0
7.488345 0
7.447709 0
8.417054 1
7.148676 1
4.927939 1
3.057243 0
2.901043 0
3.892471 0
5.201978 0
7.545259 0
13.187286 0
40.276864 0
28.330127 0
21.404637 0
15.535510 0
9.664000 0
5.233873 0
5.105517 1
6.907550 0
11.113258 0
15.997427 0
23.458366 0
34.449210 0
35.049949 0
33.525878 0
28.206797 0
20.297685 0
18.447569 0
14.671704 0
10.265439 0
7.580500 0
8.283696 0
13.047401 0
36.219645 0
62.539105 0
59.733844 0
39.981701 0
32.131378 0
31.521097 0
15.104724 0
14.183354 0
14.208376 0
14.980478 1
16.602320 1
19.701077 0
42.726103 0
54.481185 0
38.973081 0
29.267657 0
32.548348 0
14.088123 0
6.035945 0
1.859680 1
10.881768 1
15.599643 0
21.558304 0
19.731035 1
17.817556 0
15.683404 0
12.983017 0
10.382736 0
8.771336 0
8.092581 0
8.124859 0
8.681057 0
8.318319 0
9.366577 0
7.157544 0
7.137784 1
9.378605 0
14.325704 0
13.855275 0
8.568631 0
4.382276 0
0.631409 0
3.157248 0
6.585580 0
9.166613 0
10.862024 0
11.825144 0
12.395730 0
10.291546 0
11.691114 0
8.942811 1
5.503936 1
1.863503 0
3.159799 0
4.268182 0
5.862618 0
9.120250 0
18.446810 0
32.768850 0
24.437521 0
18.001286 0
12.925791 0
9.132765 0
9.663653 1
9.003382 1
8.308516 0
8.543392 0
11.566671 0
14.995408 0
21.344916 0
35.272057 0
31.741188 0
17.843018 0
18.232589 1
20.985208 0
28.579732 0
30.519175 0
14.591497 0
14.649222 0
24.403407 0
39.680996 0
81.312286 0
80.011715 0
36.885995 0
35.857243 0
26.106114 0
12.684300 0
12.545024 0
12.613946 0
14.905727 0
18.451155 0
29.929688 0
34.651817 0
37.752807 0
17.440812 0
15.670939 0
12.506145 0
8.723544 0
6.557393 0
6.199099 1
7.518957 0
10.386941 0
13.893374 0
16.551025 0
18.388627 1
20.106413 1
20.931419 0
14.923948 0
7.641282 0
5.534880 0
5.437462 0
5.340802 0
6.418367 1
8.311373 1
1.861266 0
3.599383 0
5.913553 0
8.672104 0
9.797902 0
7.305515 0
5.565254 0
3.028567 0
0.423654 0
2.954695 0
7.320381 0
12.256206 0
18.653023 0
34.225555 0
24.044986 0
12.057275 0
7.318932 0
6.795362 0
8.441092 0
9.701061 0
10.026298 0
10.159205 0
10.820567 0
13.144720 0
34.060519 0
29.078588 0
25.182307 0
20.163743 0
12.158189 0
8.911731 0
7.467780 1
6.042258 1
9.563719 0
18.162383 0
31.533983 0
32.842656 0
49.477757 0
42.357977 0
23.598524 0
20.025364 1
20.668140 0
25.110697 0
43.722345 0
19.277622 0
14.625598 0
14.799783 0
39.821794 0
74.896346 0
72.205878 0
38.508843 0
24.124236 1
5.493286 0
2.876963 0
4.313105 1
7.054101 0
10.130971 0
14.080833 0
23.886837 0
30.483678 0
33.871276 0
36.014539 0
22.183704 0
19.917945 0
14.387049 0
8.940815 0
5.144816 1
4.103667 0
8.524645 0
17.114696 0
22.578260 0
27.096986 0
29.259705 0
16.808161 0
10.314413 0
6.067523 0
2.869002 0
1.233252 0
1.718778 0
4.397910 0
7.548909 1
10.149366 1
6.561140 1
2.129141 0
7.556343 1
9.603721 0
7.249111 0
5.292378 0
2.612259 0
5.216670 0
10.519470 0
18.272081 0
35.063269 0
31.810642 0
27.175851 0
24.067203 0
21.427356 0
15.043318 0
8.427110 0
5.777003 0
6.243160 0
8.807137 0
11.588741 0
13.403164 0
16.375745 0
34.515097 0
29.681485 0
23.572341 0
12.189450 0
7.162059 0
3.875569 1
1.560634 1
3.595960 0
7.010904 0
11.367591 0
19.065797 0
53.779851 0
69.574769 0
41.491785 0
18.114989 0
15.285246 1
18.796339 0
34.874123 0
27.439150 0
17.911777 0
15.921174 1
20.022716 0
48.325363 0
50.986591 0
33.306204 0
18.869654 0
12.841589 0
8.414743 0
4.454908 0
1.832389 0
3.715304 0
8.069642 0
14.886320 0
23.954125 0
30.157139 0
34.339465 0
12.142288 0
9.276817 0
7.944947 0
6.859442 0
6.109871 0
7.050806 0
9.898418 0
15.650556 0
21.160615 0
25.306586 0
29.676877 0
40.395746 0
24.650071 0
14.802611 0
8.348247 0
3.422040 0
2.395228 0
5.278880 0
9.196185 0
9.027235 0
6.233291 0
4.198081 0
7.800387 1
10.281997 1
6.663585 1
4.247531 1
1.694301 0
1.264277 0
2.327621 0
5.143421 0
9.436648 0
18.002518 0
25.156188 0
23.416641 0
21.205519 1
16.413131 0
8.233103 0
5.046957 1
6.209267 1
10.220850 0
14.808302 0
20.606837 0
24.021627 0
37.421150 0
35.239450 0
32.410700 0
23.340733 0
16.010725 0
11.953109 1
8.671187 0
6.069321 0
5.535543 0
13.748174 0
34.411464 0
36.516777 0
70.486801 0
85.691872 0
41.004525 0
16.721683 0
14.962491 1
17.296539 0
38.338327 0
25.434804 0
21.572337 0
20.240598 0
22.747199 0
31.280661 0
31.963977 0
32.455892 0
29.572075 0
14.733161 0
7.894263 0
6.241459 1
7.269631 1
8.671841 1
10.841915 0
17.824788 0
22.548583 0
26.463056 0
31.796884 0
16.294465 0
11.824463 0
9.983361 0
9.193774 0
8.215619 0
6.047338 0
4.382047 0
6.884854 1
13.774277 0
30.037498 0
20.039848 0
14.253267 0
10.545443 0
7.214649 0
4.060519 0
1.900003 0
2.082762 0
3.551529 0
5.547045 0
9.466136 0
9.433016 0
7.347280 0
4.502427 0
9.906443 1
8.843316 1
7.365999 0
7.696681 0
7.715785 0
7.916145 0
10.598586 0
15.565445 0
18.764877 0
18.471185 1
17.677786 1
17.075403 1
16.145532 0
13.164953 0
8.480461 0
4.685915 1
5.461480 1
9.360507 0
15.995693 0
20.685900 0
28.554679 0
38.483609 0
50.412790 0
31.812349 0
18.933754 1
15.834715 0
14.580024 0
15.316949 0
13.127047 0
26.048705 0
35.012888 0
35.911399 0
68.376512 0
67.634074 0
38.758012 0
17.711514 0
12.333360 0
13.474342 0
36.979415 0
25.219434 0
19.626711 0
16.897172 0
17.807997 0
32.297235 0
35.089345 0
17.478629 0
16.214999 0
13.789692 0
11.436632 0
9.183988 0
7.653068 1
6.850995 1
7.127775 0
12.345761 0
18.895408 0
26.242398 0
38.988236 0
12.141536 0
6.143007 0
3.134318 0
1.733505 0
1.073084 0
2.755280 1
5.387646 1
8.354411 1
10.684735 1
9.864306 0
10.944436 0
11.290483 0
10.822556 0
9.569356 0
6.018012 0
2.664001 0
2.563239 0
6.711134 0
13.401100 0
21.529469 0
15.598205 0
11.544079 0
9.805260 0
10.442978 0
10.344132 0
9.710527 0
8.746713 0
8.057789 0
7.751478 0
8.218625 0
9.895290 0
13.179446 0
17.103530 0
20.204620 0
23.373073 0
24.994005 0
16.418850 0
10.327436 1
2.079136 0
7.006193 0
14.195928 0
32.789770 0
31.340821 0
53.734942 0
69.892289 0
45.852063 0
21.511077 0
18.793009 1
17.590326 1
17.549958 0
20.054555 0
34.000757 0
27.892347 0
27.868228 0
32.079275 0
57.280853 0
46.605794 0
25.230176 0
11.839132 0
7.519581 0
6.307768 0
8.317453 1
11.944653 0
18.475952 0
20.302134 0
25.210845 0
32.044906 0
35.096933 0
33.816463 0
16.625051 0
11.065303 0
7.553451 0
5.152357 0
4.211682 0
6.723554 0
11.282882 0
16.112883 0
21.369182 0
28.176012 0
46.970579 0
15.501545 0
10.674158 0
6.873310 0
4.090083 0
2.461027 0
2.242838 0
1.769975 1
5.773181 1
7.021052 1
3.357611 0
5.605151 1
6.717493 1
6.567081 0
5.250334 0
